<?xml version="1.0" encoding="UTF-8"?>
<!-- Generated by org.testng.reporters.JUnitXMLReporter -->
<testsuite hostname="LP-5CD7465GP0" name="GRID TEST WITH SERIAL EXECTION WITH BROWSER IE" tests="1" failures="1" timestamp="9 Nov 2018 15:18:09 GMT" time="9.321" errors="0">
  <testcase name="multibrowsers" time="0.008" classname="com.AppiumGrid.Gridmultibrowser">
    <failure type="java.lang.NullPointerException">
      <![CDATA[java.lang.NullPointerException
	at com.AppiumGrid.Gridmultibrowser.multibrowsers(Gridmultibrowser.java:68)
	at java.util.concurrent.FutureTask.run(Unknown Source)
	at java.util.concurrent.ThreadPoolExecutor.runWorker(Unknown Source)
	at java.util.concurrent.ThreadPoolExecutor$Worker.run(Unknown Source)
	at java.lang.Thread.run(Unknown Source)
... Removed 16 stack frames]]>
    </failure>
  </testcase> <!-- multibrowsers -->
</testsuite> <!-- GRID TEST WITH SERIAL EXECTION WITH BROWSER IE -->
